<?xml version="1.0" encoding="UTF-8"?>
<!-- Generated by org.testng.reporters.JUnitReportReporter -->
<testsuite skipped="0" hostname="homepc" name="drivefactory.DataDrivenFramework" tests="1" failures="0" timestamp="29 Sep 2019 18:51:17 GMT" time="83.434" errors="0">
  <testcase name="empCreation" time="83.434" classname="drivefactory.DataDrivenFramework"/>
</testsuite> <!-- drivefactory.DataDrivenFramework -->
